<?xml version="1.0" encoding="UTF-8"?>
<!-- Generated by org.testng.reporters.JUnitReportReporter -->
<testsuite hostname="RUSHIT" name="test.Seven" tests="5" failures="0" timestamp="15 Jun 2019 00:09:10 GMT" time="122.614" errors="0">
  <testcase name="FacebookLogIN" time="25.288" classname="test.Seven"/>
  <testcase name="MyPortfolioVerifyTitle" time="12.268" classname="test.Seven"/>
  <testcase name="FacebookLogIN" time="50.433" classname="test.Seven"/>
  <testcase name="FacebookVerifyTitle" time="12.081" classname="test.Seven"/>
  <testcase name="FacebookLogIN" time="22.544" classname="test.Seven"/>
</testsuite> <!-- test.Seven -->
