<?xml version="1.0" encoding="UTF-8"?>
<!-- Generated by org.testng.reporters.JUnitReportReporter -->
<testsuite hostname="RUSHIT" name="test.FourthTest" tests="3" failures="0" timestamp="11 Jun 2019 17:42:46 GMT" time="0.006" errors="0">
  <testcase name="SecondTestCase" time="0.002" classname="test.FourthTest"/>
  <testcase name="FirtTestCase" time="0.002" classname="test.FourthTest"/>
  <testcase name="SixthTestCase" time="0.002" classname="test.FourthTest"/>
</testsuite> <!-- test.FourthTest -->
