<?xml version="1.0" encoding="UTF-8"?>
<!-- Generated by org.testng.reporters.JUnitReportReporter -->
<testsuite hostname="RUSHIT" name="test.SecondTest" tests="3" failures="0" timestamp="11 Jun 2019 17:42:46 GMT" time="0.009" errors="0">
  <testcase name="SevenTestCase" time="0.002" classname="test.SecondTest"/>
  <testcase name="SecondTestCase" time="0.004" classname="test.SecondTest"/>
  <testcase name="FirtTestCase" time="0.003" classname="test.SecondTest"/>
</testsuite> <!-- test.SecondTest -->
