<?xml version="1.0" encoding="UTF-8"?>
<!-- Generated by org.testng.reporters.JUnitReportReporter -->
<testsuite hostname="RUSHIT" name="test.FifthTest" tests="4" failures="0" timestamp="11 Jun 2019 17:42:46 GMT" time="0.019" errors="0">
  <testcase name="ThirdTestCase" time="0.002" classname="test.FifthTest"/>
  <testcase name="FacebookTestCase" time="0.002" classname="test.FifthTest"/>
  <testcase name="FacebookLoginTestCase" time="0.013" classname="test.FifthTest"/>
  <testcase name="SecondTestCase" time="0.002" classname="test.FifthTest"/>
</testsuite> <!-- test.FifthTest -->
