<?xml version="1.0" encoding="UTF-8"?>
<!-- Generated by org.testng.reporters.JUnitReportReporter -->
<testsuite hostname="RUSHIT" name="test.FirstTest" tests="4" failures="0" timestamp="11 Jun 2019 17:42:46 GMT" time="0.011" errors="0">
  <testcase name="ThirdTestCase" time="0.002" classname="test.FirstTest"/>
  <testcase name="FirtTestCase" time="0.003" classname="test.FirstTest"/>
  <testcase name="FourthTestCase" time="0.002" classname="test.FirstTest"/>
  <testcase name="SecondTestCase" time="0.004" classname="test.FirstTest"/>
</testsuite> <!-- test.FirstTest -->
